<?xml version="1.0" encoding="UTF-8"?>
<!-- Generated by org.testng.reporters.JUnitReportReporter -->
<testsuite hostname="DESKTOP-1PD3KGI" failures="0" tests="1" name="selenium.qa.Rest" time="1.921" errors="0" timestamp="2020-11-14T13:18:44 IST" skipped="0">
  <testcase classname="selenium.qa.Rest" name="test2" time="1.921"/>
  <system-out/>
</testsuite> <!-- selenium.qa.Rest -->
