<?xml version="1.0" encoding="UTF-8"?>
<!-- Generated by org.testng.reporters.JUnitReportReporter -->
<testsuite hostname="DESKTOP-1PD3KGI" failures="0" tests="1" name="pages.BaseClass" time="5.440" errors="0" timestamp="2021-03-14T13:31:16 IST" skipped="0">
  <testcase classname="pages.BaseClass" name="OpenBrowser" time="5.440"/>
  <system-out/>
</testsuite> <!-- pages.BaseClass -->
