<?xml version="1.0" encoding="UTF-8"?>
<!-- Generated by org.testng.reporters.JUnitReportReporter -->
<testsuite hostname="DESKTOP-1PD3KGI" failures="0" tests="1" name="selenium.qa.App" time="11.708" errors="0" timestamp="2020-10-15T20:18:00 IST" skipped="0">
  <testcase classname="selenium.qa.App" name="openbrowser" time="11.708"/>
</testsuite> <!-- selenium.qa.App -->
